2024-04-02 19:34:26,351:WARNING:
'cuml' is a soft dependency and not included in the pycaret installation. Please run: `pip install cuml` to install.
2024-04-02 19:34:26,351:WARNING:
'cuml' is a soft dependency and not included in the pycaret installation. Please run: `pip install cuml` to install.
2024-04-02 19:34:26,351:WARNING:
'cuml' is a soft dependency and not included in the pycaret installation. Please run: `pip install cuml` to install.
2024-04-02 19:34:26,351:WARNING:
'cuml' is a soft dependency and not included in the pycaret installation. Please run: `pip install cuml` to install.
2024-04-02 19:34:26,913:INFO:PyCaret ClassificationExperiment
2024-04-02 19:34:26,913:INFO:Logging name: clf-default-name
2024-04-02 19:34:26,913:INFO:ML Usecase: MLUsecase.CLASSIFICATION
2024-04-02 19:34:26,913:INFO:version 3.3.0
2024-04-02 19:34:26,913:INFO:Initializing setup()
2024-04-02 19:34:26,913:INFO:self.USI: 7a98
2024-04-02 19:34:26,913:INFO:self._variable_keys: {'pipeline', 'fold_generator', 'y_test', 'fold_shuffle_param', 'fold_groups_param', 'y', 'exp_id', 'gpu_param', '_available_plots', 'is_multiclass', 'X_test', 'USI', 'log_plots_param', 'html_param', 'fix_imbalance', 'gpu_n_jobs_param', 'X_train', '_ml_usecase', 'logging_param', 'n_jobs_param', 'memory', 'idx', 'exp_name_log', 'X', 'y_train', 'target_param', 'data', 'seed'}
2024-04-02 19:34:26,913:INFO:Checking environment
2024-04-02 19:34:26,913:INFO:python_version: 3.11.5
2024-04-02 19:34:26,913:INFO:python_build: ('main', 'Sep 11 2023 08:31:25')
2024-04-02 19:34:26,913:INFO:machine: arm64
2024-04-02 19:34:26,913:INFO:platform: macOS-12.6.3-arm64-arm-64bit
2024-04-02 19:34:26,914:INFO:Memory: svmem(total=8589934592, available=2708144128, percent=68.5, used=4275601408, free=68567040, active=2637971456, inactive=2585722880, wired=1637629952)
2024-04-02 19:34:26,914:INFO:Physical Core: 8
2024-04-02 19:34:26,914:INFO:Logical Core: 8
2024-04-02 19:34:26,914:INFO:Checking libraries
2024-04-02 19:34:26,914:INFO:System:
2024-04-02 19:34:26,914:INFO:    python: 3.11.5 (main, Sep 11 2023, 08:31:25) [Clang 14.0.6 ]
2024-04-02 19:34:26,914:INFO:executable: /Users/felixlaw/anaconda3/bin/python
2024-04-02 19:34:26,914:INFO:   machine: macOS-12.6.3-arm64-arm-64bit
2024-04-02 19:34:26,914:INFO:PyCaret required dependencies:
2024-04-02 19:34:26,954:INFO:                 pip: 24.0
2024-04-02 19:34:26,954:INFO:          setuptools: 69.2.0
2024-04-02 19:34:26,954:INFO:             pycaret: 3.3.0
2024-04-02 19:34:26,954:INFO:             IPython: 8.15.0
2024-04-02 19:34:26,954:INFO:          ipywidgets: 8.0.4
2024-04-02 19:34:26,954:INFO:                tqdm: 4.65.0
2024-04-02 19:34:26,954:INFO:               numpy: 1.26.0
2024-04-02 19:34:26,954:INFO:              pandas: 1.5.3
2024-04-02 19:34:26,954:INFO:              jinja2: 3.1.2
2024-04-02 19:34:26,954:INFO:               scipy: 1.11.1
2024-04-02 19:34:26,954:INFO:              joblib: 1.2.0
2024-04-02 19:34:26,954:INFO:             sklearn: 1.4.1.post1
2024-04-02 19:34:26,954:INFO:                pyod: 1.1.3
2024-04-02 19:34:26,954:INFO:            imblearn: 0.12.0
2024-04-02 19:34:26,954:INFO:   category_encoders: 2.6.3
2024-04-02 19:34:26,954:INFO:            lightgbm: 4.1.0
2024-04-02 19:34:26,954:INFO:               numba: 0.59.1
2024-04-02 19:34:26,954:INFO:            requests: 2.31.0
2024-04-02 19:34:26,954:INFO:          matplotlib: 3.7.2
2024-04-02 19:34:26,954:INFO:          scikitplot: 0.3.7
2024-04-02 19:34:26,954:INFO:         yellowbrick: 1.5
2024-04-02 19:34:26,954:INFO:              plotly: 5.20.0
2024-04-02 19:34:26,954:INFO:    plotly-resampler: Not installed
2024-04-02 19:34:26,954:INFO:             kaleido: 0.2.1
2024-04-02 19:34:26,954:INFO:           schemdraw: 0.15
2024-04-02 19:34:26,954:INFO:         statsmodels: 0.14.0
2024-04-02 19:34:26,954:INFO:              sktime: 0.27.0
2024-04-02 19:34:26,955:INFO:               tbats: 1.1.3
2024-04-02 19:34:26,955:INFO:            pmdarima: 2.0.4
2024-04-02 19:34:26,955:INFO:              psutil: 5.9.0
2024-04-02 19:34:26,955:INFO:          markupsafe: 2.1.1
2024-04-02 19:34:26,955:INFO:             pickle5: Not installed
2024-04-02 19:34:26,955:INFO:         cloudpickle: 2.2.1
2024-04-02 19:34:26,955:INFO:         deprecation: 2.1.0
2024-04-02 19:34:26,955:INFO:              xxhash: 2.0.2
2024-04-02 19:34:26,955:INFO:           wurlitzer: 3.0.2
2024-04-02 19:34:26,955:INFO:PyCaret optional dependencies:
2024-04-02 19:34:26,962:INFO:                shap: Not installed
2024-04-02 19:34:26,962:INFO:           interpret: Not installed
2024-04-02 19:34:26,962:INFO:                umap: 0.5.5
2024-04-02 19:34:26,962:INFO:     ydata_profiling: Not installed
2024-04-02 19:34:26,962:INFO:  explainerdashboard: Not installed
2024-04-02 19:34:26,963:INFO:             autoviz: Not installed
2024-04-02 19:34:26,963:INFO:           fairlearn: Not installed
2024-04-02 19:34:26,963:INFO:          deepchecks: Not installed
2024-04-02 19:34:26,963:INFO:             xgboost: Not installed
2024-04-02 19:34:26,963:INFO:            catboost: Not installed
2024-04-02 19:34:26,963:INFO:              kmodes: Not installed
2024-04-02 19:34:26,963:INFO:             mlxtend: Not installed
2024-04-02 19:34:26,963:INFO:       statsforecast: Not installed
2024-04-02 19:34:26,963:INFO:        tune_sklearn: Not installed
2024-04-02 19:34:26,963:INFO:                 ray: Not installed
2024-04-02 19:34:26,963:INFO:            hyperopt: Not installed
2024-04-02 19:34:26,963:INFO:              optuna: Not installed
2024-04-02 19:34:26,963:INFO:               skopt: Not installed
2024-04-02 19:34:26,963:INFO:              mlflow: Not installed
2024-04-02 19:34:26,963:INFO:              gradio: Not installed
2024-04-02 19:34:26,963:INFO:             fastapi: Not installed
2024-04-02 19:34:26,963:INFO:             uvicorn: Not installed
2024-04-02 19:34:26,963:INFO:              m2cgen: Not installed
2024-04-02 19:34:26,963:INFO:           evidently: Not installed
2024-04-02 19:34:26,963:INFO:               fugue: Not installed
2024-04-02 19:34:26,963:INFO:           streamlit: Not installed
2024-04-02 19:34:26,963:INFO:             prophet: Not installed
2024-04-02 19:34:26,963:INFO:None
2024-04-02 19:34:26,963:INFO:Set up data.
2024-04-02 19:34:26,972:INFO:Set up folding strategy.
2024-04-02 19:34:26,972:INFO:Set up train/test split.
2024-04-02 19:34:26,976:INFO:Set up index.
2024-04-02 19:34:26,977:INFO:Assigning column types.
2024-04-02 19:34:26,979:INFO:Engine successfully changes for model 'lr' to 'sklearn'.
2024-04-02 19:34:27,009:INFO:Engine for model 'knn' has not been set explicitly, hence returning None.
2024-04-02 19:34:27,011:INFO:Engine for model 'rbfsvm' has not been set explicitly, hence returning None.
2024-04-02 19:34:27,033:WARNING:
'xgboost' is a soft dependency and not included in the pycaret installation. Please run: `pip install xgboost` to install.
Alternately, you can install this by running `pip install pycaret[models]`
2024-04-02 19:34:27,033:WARNING:
'catboost' is a soft dependency and not included in the pycaret installation. Please run: `pip install catboost` to install.
Alternately, you can install this by running `pip install pycaret[models]`
2024-04-02 19:34:27,063:INFO:Engine for model 'knn' has not been set explicitly, hence returning None.
2024-04-02 19:34:27,063:INFO:Engine for model 'rbfsvm' has not been set explicitly, hence returning None.
2024-04-02 19:34:27,081:WARNING:
'xgboost' is a soft dependency and not included in the pycaret installation. Please run: `pip install xgboost` to install.
Alternately, you can install this by running `pip install pycaret[models]`
2024-04-02 19:34:27,081:WARNING:
'catboost' is a soft dependency and not included in the pycaret installation. Please run: `pip install catboost` to install.
Alternately, you can install this by running `pip install pycaret[models]`
2024-04-02 19:34:27,082:INFO:Engine successfully changes for model 'knn' to 'sklearn'.
2024-04-02 19:34:27,112:INFO:Engine for model 'rbfsvm' has not been set explicitly, hence returning None.
2024-04-02 19:34:27,129:WARNING:
'xgboost' is a soft dependency and not included in the pycaret installation. Please run: `pip install xgboost` to install.
Alternately, you can install this by running `pip install pycaret[models]`
2024-04-02 19:34:27,130:WARNING:
'catboost' is a soft dependency and not included in the pycaret installation. Please run: `pip install catboost` to install.
Alternately, you can install this by running `pip install pycaret[models]`
2024-04-02 19:34:27,159:INFO:Engine for model 'rbfsvm' has not been set explicitly, hence returning None.
2024-04-02 19:34:27,177:WARNING:
'xgboost' is a soft dependency and not included in the pycaret installation. Please run: `pip install xgboost` to install.
Alternately, you can install this by running `pip install pycaret[models]`
2024-04-02 19:34:27,177:WARNING:
'catboost' is a soft dependency and not included in the pycaret installation. Please run: `pip install catboost` to install.
Alternately, you can install this by running `pip install pycaret[models]`
2024-04-02 19:34:27,177:INFO:Engine successfully changes for model 'rbfsvm' to 'sklearn'.
2024-04-02 19:34:27,225:WARNING:
'xgboost' is a soft dependency and not included in the pycaret installation. Please run: `pip install xgboost` to install.
Alternately, you can install this by running `pip install pycaret[models]`
2024-04-02 19:34:27,225:WARNING:
'catboost' is a soft dependency and not included in the pycaret installation. Please run: `pip install catboost` to install.
Alternately, you can install this by running `pip install pycaret[models]`
2024-04-02 19:34:27,274:WARNING:
'xgboost' is a soft dependency and not included in the pycaret installation. Please run: `pip install xgboost` to install.
Alternately, you can install this by running `pip install pycaret[models]`
2024-04-02 19:34:27,274:WARNING:
'catboost' is a soft dependency and not included in the pycaret installation. Please run: `pip install catboost` to install.
Alternately, you can install this by running `pip install pycaret[models]`
2024-04-02 19:34:27,277:INFO:Preparing preprocessing pipeline...
2024-04-02 19:34:27,279:INFO:Set up simple imputation.
2024-04-02 19:34:27,279:INFO:Set up column name cleaning.
2024-04-02 19:34:27,293:INFO:Finished creating preprocessing pipeline.
2024-04-02 19:34:27,296:INFO:Pipeline: Pipeline(memory=FastMemory(location=/var/folders/py/yncddnwd6kn7d9dzfmz1kcbm0000gn/T/joblib),
         steps=[('numerical_imputer',
                 TransformerWrapper(exclude=None,
                                    include=['Number of times pregnant',
                                             'Plasma glucose concentration a 2 '
                                             'hours in an oral glucose '
                                             'tolerance test',
                                             'Diastolic blood pressure (mm Hg)',
                                             'Triceps skin fold thickness (mm)',
                                             '2-Hour serum insulin (mu U/ml)',
                                             'Body...
                ('categorical_imputer',
                 TransformerWrapper(exclude=None, include=[],
                                    transformer=SimpleImputer(add_indicator=False,
                                                              copy=True,
                                                              fill_value=None,
                                                              keep_empty_features=False,
                                                              missing_values=nan,
                                                              strategy='most_frequent'))),
                ('clean_column_names',
                 TransformerWrapper(exclude=None, include=None,
                                    transformer=CleanColumnNames(match='[\\]\\[\\,\\{\\}\\"\\:]+')))],
         verbose=False)
2024-04-02 19:34:27,296:INFO:Creating final display dataframe.
2024-04-02 19:34:27,332:INFO:Setup _display_container:                     Description             Value
0                    Session id              5821
1                        Target    Class variable
2                   Target type            Binary
3           Original data shape          (768, 9)
4        Transformed data shape          (768, 9)
5   Transformed train set shape          (537, 9)
6    Transformed test set shape          (231, 9)
7              Numeric features                 8
8                    Preprocess              True
9               Imputation type            simple
10           Numeric imputation              mean
11       Categorical imputation              mode
12               Fold Generator   StratifiedKFold
13                  Fold Number                10
14                     CPU Jobs                -1
15                      Use GPU             False
16               Log Experiment             False
17              Experiment Name  clf-default-name
18                          USI              7a98
2024-04-02 19:34:27,387:WARNING:
'xgboost' is a soft dependency and not included in the pycaret installation. Please run: `pip install xgboost` to install.
Alternately, you can install this by running `pip install pycaret[models]`
2024-04-02 19:34:27,387:WARNING:
'catboost' is a soft dependency and not included in the pycaret installation. Please run: `pip install catboost` to install.
Alternately, you can install this by running `pip install pycaret[models]`
2024-04-02 19:34:27,436:WARNING:
'xgboost' is a soft dependency and not included in the pycaret installation. Please run: `pip install xgboost` to install.
Alternately, you can install this by running `pip install pycaret[models]`
2024-04-02 19:34:27,436:WARNING:
'catboost' is a soft dependency and not included in the pycaret installation. Please run: `pip install catboost` to install.
Alternately, you can install this by running `pip install pycaret[models]`
2024-04-02 19:34:27,437:WARNING:/Users/felixlaw/anaconda3/lib/python3.11/site-packages/pycaret/internal/metrics.py:51: FutureWarning: The `needs_threshold` and `needs_proba` parameter are deprecated in version 1.4 and will be removed in 1.6. You can either let `response_method` be `None` or set it to `predict` to preserve the same behaviour.
  warnings.warn(

2024-04-02 19:34:27,437:INFO:setup() successfully completed in 0.53s...............
2024-04-02 19:34:27,437:INFO:Initializing create_model()
2024-04-02 19:34:27,437:INFO:create_model(self=<pycaret.classification.oop.ClassificationExperiment object at 0x28f664210>, estimator=xgboost, fold=None, round=4, cross_validation=True, predict=True, fit_kwargs=None, groups=None, refit=True, probability_threshold=None, experiment_custom_tags=None, verbose=True, system=True, add_to_model_list=True, metrics=None, display=None, model_only=True, return_train_score=False, error_score=0.0, kwargs={})
2024-04-02 19:34:27,437:INFO:Checking exceptions
2024-04-02 19:34:55,972:INFO:PyCaret ClassificationExperiment
2024-04-02 19:34:55,973:INFO:Logging name: clf-default-name
2024-04-02 19:34:55,973:INFO:ML Usecase: MLUsecase.CLASSIFICATION
2024-04-02 19:34:55,973:INFO:version 3.3.0
2024-04-02 19:34:55,974:INFO:Initializing setup()
2024-04-02 19:34:55,974:INFO:self.USI: 82ab
2024-04-02 19:34:55,974:INFO:self._variable_keys: {'pipeline', 'fold_generator', 'y_test', 'fold_shuffle_param', 'fold_groups_param', 'y', 'exp_id', 'gpu_param', '_available_plots', 'is_multiclass', 'X_test', 'USI', 'log_plots_param', 'html_param', 'fix_imbalance', 'gpu_n_jobs_param', 'X_train', '_ml_usecase', 'logging_param', 'n_jobs_param', 'memory', 'idx', 'exp_name_log', 'X', 'y_train', 'target_param', 'data', 'seed'}
2024-04-02 19:34:55,974:INFO:Checking environment
2024-04-02 19:34:55,974:INFO:python_version: 3.11.5
2024-04-02 19:34:55,974:INFO:python_build: ('main', 'Sep 11 2023 08:31:25')
2024-04-02 19:34:55,974:INFO:machine: arm64
2024-04-02 19:34:55,974:INFO:platform: macOS-12.6.3-arm64-arm-64bit
2024-04-02 19:34:55,974:INFO:Memory: svmem(total=8589934592, available=2580742144, percent=70.0, used=4176265216, free=75661312, active=2525315072, inactive=2498314240, wired=1650950144)
2024-04-02 19:34:55,974:INFO:Physical Core: 8
2024-04-02 19:34:55,974:INFO:Logical Core: 8
2024-04-02 19:34:55,974:INFO:Checking libraries
2024-04-02 19:34:55,974:INFO:System:
2024-04-02 19:34:55,974:INFO:    python: 3.11.5 (main, Sep 11 2023, 08:31:25) [Clang 14.0.6 ]
2024-04-02 19:34:55,974:INFO:executable: /Users/felixlaw/anaconda3/bin/python
2024-04-02 19:34:55,974:INFO:   machine: macOS-12.6.3-arm64-arm-64bit
2024-04-02 19:34:55,974:INFO:PyCaret required dependencies:
2024-04-02 19:34:55,974:INFO:                 pip: 24.0
2024-04-02 19:34:55,974:INFO:          setuptools: 69.2.0
2024-04-02 19:34:55,974:INFO:             pycaret: 3.3.0
2024-04-02 19:34:55,974:INFO:             IPython: 8.15.0
2024-04-02 19:34:55,974:INFO:          ipywidgets: 8.0.4
2024-04-02 19:34:55,974:INFO:                tqdm: 4.65.0
2024-04-02 19:34:55,974:INFO:               numpy: 1.26.0
2024-04-02 19:34:55,974:INFO:              pandas: 1.5.3
2024-04-02 19:34:55,974:INFO:              jinja2: 3.1.2
2024-04-02 19:34:55,974:INFO:               scipy: 1.11.1
2024-04-02 19:34:55,975:INFO:              joblib: 1.2.0
2024-04-02 19:34:55,975:INFO:             sklearn: 1.4.1.post1
2024-04-02 19:34:55,975:INFO:                pyod: 1.1.3
2024-04-02 19:34:55,975:INFO:            imblearn: 0.12.0
2024-04-02 19:34:55,975:INFO:   category_encoders: 2.6.3
2024-04-02 19:34:55,975:INFO:            lightgbm: 4.1.0
2024-04-02 19:34:55,975:INFO:               numba: 0.59.1
2024-04-02 19:34:55,975:INFO:            requests: 2.31.0
2024-04-02 19:34:55,975:INFO:          matplotlib: 3.7.2
2024-04-02 19:34:55,975:INFO:          scikitplot: 0.3.7
2024-04-02 19:34:55,975:INFO:         yellowbrick: 1.5
2024-04-02 19:34:55,975:INFO:              plotly: 5.20.0
2024-04-02 19:34:55,975:INFO:    plotly-resampler: Not installed
2024-04-02 19:34:55,975:INFO:             kaleido: 0.2.1
2024-04-02 19:34:55,975:INFO:           schemdraw: 0.15
2024-04-02 19:34:55,975:INFO:         statsmodels: 0.14.0
2024-04-02 19:34:55,975:INFO:              sktime: 0.27.0
2024-04-02 19:34:55,975:INFO:               tbats: 1.1.3
2024-04-02 19:34:55,975:INFO:            pmdarima: 2.0.4
2024-04-02 19:34:55,975:INFO:              psutil: 5.9.0
2024-04-02 19:34:55,975:INFO:          markupsafe: 2.1.1
2024-04-02 19:34:55,975:INFO:             pickle5: Not installed
2024-04-02 19:34:55,975:INFO:         cloudpickle: 2.2.1
2024-04-02 19:34:55,975:INFO:         deprecation: 2.1.0
2024-04-02 19:34:55,975:INFO:              xxhash: 2.0.2
2024-04-02 19:34:55,975:INFO:           wurlitzer: 3.0.2
2024-04-02 19:34:55,975:INFO:PyCaret optional dependencies:
2024-04-02 19:34:55,975:INFO:                shap: Not installed
2024-04-02 19:34:55,975:INFO:           interpret: Not installed
2024-04-02 19:34:55,975:INFO:                umap: 0.5.5
2024-04-02 19:34:55,975:INFO:     ydata_profiling: Not installed
2024-04-02 19:34:55,975:INFO:  explainerdashboard: Not installed
2024-04-02 19:34:55,975:INFO:             autoviz: Not installed
2024-04-02 19:34:55,975:INFO:           fairlearn: Not installed
2024-04-02 19:34:55,975:INFO:          deepchecks: Not installed
2024-04-02 19:34:55,975:INFO:             xgboost: Not installed
2024-04-02 19:34:55,975:INFO:            catboost: Not installed
2024-04-02 19:34:55,975:INFO:              kmodes: Not installed
2024-04-02 19:34:55,975:INFO:             mlxtend: Not installed
2024-04-02 19:34:55,976:INFO:       statsforecast: Not installed
2024-04-02 19:34:55,976:INFO:        tune_sklearn: Not installed
2024-04-02 19:34:55,976:INFO:                 ray: Not installed
2024-04-02 19:34:55,976:INFO:            hyperopt: Not installed
2024-04-02 19:34:55,976:INFO:              optuna: Not installed
2024-04-02 19:34:55,976:INFO:               skopt: Not installed
2024-04-02 19:34:55,976:INFO:              mlflow: Not installed
2024-04-02 19:34:55,976:INFO:              gradio: Not installed
2024-04-02 19:34:55,976:INFO:             fastapi: Not installed
2024-04-02 19:34:55,976:INFO:             uvicorn: Not installed
2024-04-02 19:34:55,976:INFO:              m2cgen: Not installed
2024-04-02 19:34:55,976:INFO:           evidently: Not installed
2024-04-02 19:34:55,976:INFO:               fugue: Not installed
2024-04-02 19:34:55,976:INFO:           streamlit: Not installed
2024-04-02 19:34:55,976:INFO:             prophet: Not installed
2024-04-02 19:34:55,976:INFO:None
2024-04-02 19:34:55,976:INFO:Set up data.
2024-04-02 19:34:55,980:INFO:Set up folding strategy.
2024-04-02 19:34:55,981:INFO:Set up train/test split.
2024-04-02 19:34:55,983:INFO:Set up index.
2024-04-02 19:34:55,983:INFO:Assigning column types.
2024-04-02 19:34:55,985:INFO:Engine successfully changes for model 'lr' to 'sklearn'.
2024-04-02 19:34:56,017:INFO:Engine for model 'knn' has not been set explicitly, hence returning None.
2024-04-02 19:34:56,017:INFO:Engine for model 'rbfsvm' has not been set explicitly, hence returning None.
2024-04-02 19:34:56,037:WARNING:
'xgboost' is a soft dependency and not included in the pycaret installation. Please run: `pip install xgboost` to install.
Alternately, you can install this by running `pip install pycaret[models]`
2024-04-02 19:34:56,037:WARNING:
'catboost' is a soft dependency and not included in the pycaret installation. Please run: `pip install catboost` to install.
Alternately, you can install this by running `pip install pycaret[models]`
2024-04-02 19:34:56,067:INFO:Engine for model 'knn' has not been set explicitly, hence returning None.
2024-04-02 19:34:56,067:INFO:Engine for model 'rbfsvm' has not been set explicitly, hence returning None.
2024-04-02 19:34:56,085:WARNING:
'xgboost' is a soft dependency and not included in the pycaret installation. Please run: `pip install xgboost` to install.
Alternately, you can install this by running `pip install pycaret[models]`
2024-04-02 19:34:56,086:WARNING:
'catboost' is a soft dependency and not included in the pycaret installation. Please run: `pip install catboost` to install.
Alternately, you can install this by running `pip install pycaret[models]`
2024-04-02 19:34:56,086:INFO:Engine successfully changes for model 'knn' to 'sklearn'.
2024-04-02 19:34:56,115:INFO:Engine for model 'rbfsvm' has not been set explicitly, hence returning None.
2024-04-02 19:34:56,133:WARNING:
'xgboost' is a soft dependency and not included in the pycaret installation. Please run: `pip install xgboost` to install.
Alternately, you can install this by running `pip install pycaret[models]`
2024-04-02 19:34:56,134:WARNING:
'catboost' is a soft dependency and not included in the pycaret installation. Please run: `pip install catboost` to install.
Alternately, you can install this by running `pip install pycaret[models]`
2024-04-02 19:34:56,167:INFO:Engine for model 'rbfsvm' has not been set explicitly, hence returning None.
2024-04-02 19:34:56,185:WARNING:
'xgboost' is a soft dependency and not included in the pycaret installation. Please run: `pip install xgboost` to install.
Alternately, you can install this by running `pip install pycaret[models]`
2024-04-02 19:34:56,185:WARNING:
'catboost' is a soft dependency and not included in the pycaret installation. Please run: `pip install catboost` to install.
Alternately, you can install this by running `pip install pycaret[models]`
2024-04-02 19:34:56,185:INFO:Engine successfully changes for model 'rbfsvm' to 'sklearn'.
2024-04-02 19:34:56,234:WARNING:
'xgboost' is a soft dependency and not included in the pycaret installation. Please run: `pip install xgboost` to install.
Alternately, you can install this by running `pip install pycaret[models]`
2024-04-02 19:34:56,234:WARNING:
'catboost' is a soft dependency and not included in the pycaret installation. Please run: `pip install catboost` to install.
Alternately, you can install this by running `pip install pycaret[models]`
2024-04-02 19:34:56,280:WARNING:
'xgboost' is a soft dependency and not included in the pycaret installation. Please run: `pip install xgboost` to install.
Alternately, you can install this by running `pip install pycaret[models]`
2024-04-02 19:34:56,280:WARNING:
'catboost' is a soft dependency and not included in the pycaret installation. Please run: `pip install catboost` to install.
Alternately, you can install this by running `pip install pycaret[models]`
2024-04-02 19:34:56,281:INFO:Preparing preprocessing pipeline...
2024-04-02 19:34:56,282:INFO:Set up simple imputation.
2024-04-02 19:34:56,282:INFO:Set up column name cleaning.
2024-04-02 19:34:56,291:INFO:Finished creating preprocessing pipeline.
2024-04-02 19:34:56,294:INFO:Pipeline: Pipeline(memory=FastMemory(location=/var/folders/py/yncddnwd6kn7d9dzfmz1kcbm0000gn/T/joblib),
         steps=[('numerical_imputer',
                 TransformerWrapper(exclude=None,
                                    include=['Number of times pregnant',
                                             'Plasma glucose concentration a 2 '
                                             'hours in an oral glucose '
                                             'tolerance test',
                                             'Diastolic blood pressure (mm Hg)',
                                             'Triceps skin fold thickness (mm)',
                                             '2-Hour serum insulin (mu U/ml)',
                                             'Body...
                ('categorical_imputer',
                 TransformerWrapper(exclude=None, include=[],
                                    transformer=SimpleImputer(add_indicator=False,
                                                              copy=True,
                                                              fill_value=None,
                                                              keep_empty_features=False,
                                                              missing_values=nan,
                                                              strategy='most_frequent'))),
                ('clean_column_names',
                 TransformerWrapper(exclude=None, include=None,
                                    transformer=CleanColumnNames(match='[\\]\\[\\,\\{\\}\\"\\:]+')))],
         verbose=False)
2024-04-02 19:34:56,294:INFO:Creating final display dataframe.
2024-04-02 19:34:56,330:INFO:Setup _display_container:                     Description             Value
0                    Session id              7046
1                        Target    Class variable
2                   Target type            Binary
3           Original data shape          (768, 9)
4        Transformed data shape          (768, 9)
5   Transformed train set shape          (537, 9)
6    Transformed test set shape          (231, 9)
7              Numeric features                 8
8                    Preprocess              True
9               Imputation type            simple
10           Numeric imputation              mean
11       Categorical imputation              mode
12               Fold Generator   StratifiedKFold
13                  Fold Number                10
14                     CPU Jobs                -1
15                      Use GPU             False
16               Log Experiment             False
17              Experiment Name  clf-default-name
18                          USI              82ab
2024-04-02 19:34:56,381:WARNING:
'xgboost' is a soft dependency and not included in the pycaret installation. Please run: `pip install xgboost` to install.
Alternately, you can install this by running `pip install pycaret[models]`
2024-04-02 19:34:56,381:WARNING:
'catboost' is a soft dependency and not included in the pycaret installation. Please run: `pip install catboost` to install.
Alternately, you can install this by running `pip install pycaret[models]`
2024-04-02 19:34:56,430:WARNING:
'xgboost' is a soft dependency and not included in the pycaret installation. Please run: `pip install xgboost` to install.
Alternately, you can install this by running `pip install pycaret[models]`
2024-04-02 19:34:56,430:WARNING:
'catboost' is a soft dependency and not included in the pycaret installation. Please run: `pip install catboost` to install.
Alternately, you can install this by running `pip install pycaret[models]`
2024-04-02 19:34:56,430:WARNING:/Users/felixlaw/anaconda3/lib/python3.11/site-packages/pycaret/internal/metrics.py:51: FutureWarning: The `needs_threshold` and `needs_proba` parameter are deprecated in version 1.4 and will be removed in 1.6. You can either let `response_method` be `None` or set it to `predict` to preserve the same behaviour.
  warnings.warn(

2024-04-02 19:34:56,431:INFO:setup() successfully completed in 0.46s...............
2024-04-02 19:34:56,431:INFO:Initializing create_model()
2024-04-02 19:34:56,431:INFO:create_model(self=<pycaret.classification.oop.ClassificationExperiment object at 0x290e058d0>, estimator=xgboost, fold=None, round=4, cross_validation=True, predict=True, fit_kwargs=None, groups=None, refit=True, probability_threshold=None, experiment_custom_tags=None, verbose=True, system=True, add_to_model_list=True, metrics=None, display=None, model_only=True, return_train_score=False, error_score=0.0, kwargs={})
2024-04-02 19:34:56,431:INFO:Checking exceptions
2024-04-02 19:35:33,370:INFO:PyCaret ClassificationExperiment
2024-04-02 19:35:33,370:INFO:Logging name: clf-default-name
2024-04-02 19:35:33,370:INFO:ML Usecase: MLUsecase.CLASSIFICATION
2024-04-02 19:35:33,370:INFO:version 3.3.0
2024-04-02 19:35:33,370:INFO:Initializing setup()
2024-04-02 19:35:33,370:INFO:self.USI: a31c
2024-04-02 19:35:33,370:INFO:self._variable_keys: {'pipeline', 'fold_generator', 'y_test', 'fold_shuffle_param', 'fold_groups_param', 'y', 'exp_id', 'gpu_param', '_available_plots', 'is_multiclass', 'X_test', 'USI', 'log_plots_param', 'html_param', 'fix_imbalance', 'gpu_n_jobs_param', 'X_train', '_ml_usecase', 'logging_param', 'n_jobs_param', 'memory', 'idx', 'exp_name_log', 'X', 'y_train', 'target_param', 'data', 'seed'}
2024-04-02 19:35:33,370:INFO:Checking environment
2024-04-02 19:35:33,370:INFO:python_version: 3.11.5
2024-04-02 19:35:33,370:INFO:python_build: ('main', 'Sep 11 2023 08:31:25')
2024-04-02 19:35:33,371:INFO:machine: arm64
2024-04-02 19:35:33,371:INFO:platform: macOS-12.6.3-arm64-arm-64bit
2024-04-02 19:35:33,371:INFO:Memory: svmem(total=8589934592, available=2538881024, percent=70.4, used=3898818560, free=75120640, active=2477948928, inactive=2444869632, wired=1420869632)
2024-04-02 19:35:33,371:INFO:Physical Core: 8
2024-04-02 19:35:33,371:INFO:Logical Core: 8
2024-04-02 19:35:33,371:INFO:Checking libraries
2024-04-02 19:35:33,371:INFO:System:
2024-04-02 19:35:33,371:INFO:    python: 3.11.5 (main, Sep 11 2023, 08:31:25) [Clang 14.0.6 ]
2024-04-02 19:35:33,371:INFO:executable: /Users/felixlaw/anaconda3/bin/python
2024-04-02 19:35:33,371:INFO:   machine: macOS-12.6.3-arm64-arm-64bit
2024-04-02 19:35:33,371:INFO:PyCaret required dependencies:
2024-04-02 19:35:33,371:INFO:                 pip: 24.0
2024-04-02 19:35:33,371:INFO:          setuptools: 69.2.0
2024-04-02 19:35:33,371:INFO:             pycaret: 3.3.0
2024-04-02 19:35:33,371:INFO:             IPython: 8.15.0
2024-04-02 19:35:33,371:INFO:          ipywidgets: 8.0.4
2024-04-02 19:35:33,371:INFO:                tqdm: 4.65.0
2024-04-02 19:35:33,371:INFO:               numpy: 1.26.0
2024-04-02 19:35:33,371:INFO:              pandas: 1.5.3
2024-04-02 19:35:33,371:INFO:              jinja2: 3.1.2
2024-04-02 19:35:33,371:INFO:               scipy: 1.11.1
2024-04-02 19:35:33,371:INFO:              joblib: 1.2.0
2024-04-02 19:35:33,371:INFO:             sklearn: 1.4.1.post1
2024-04-02 19:35:33,371:INFO:                pyod: 1.1.3
2024-04-02 19:35:33,371:INFO:            imblearn: 0.12.0
2024-04-02 19:35:33,371:INFO:   category_encoders: 2.6.3
2024-04-02 19:35:33,371:INFO:            lightgbm: 4.1.0
2024-04-02 19:35:33,371:INFO:               numba: 0.59.1
2024-04-02 19:35:33,371:INFO:            requests: 2.31.0
2024-04-02 19:35:33,372:INFO:          matplotlib: 3.7.2
2024-04-02 19:35:33,372:INFO:          scikitplot: 0.3.7
2024-04-02 19:35:33,372:INFO:         yellowbrick: 1.5
2024-04-02 19:35:33,372:INFO:              plotly: 5.20.0
2024-04-02 19:35:33,372:INFO:    plotly-resampler: Not installed
2024-04-02 19:35:33,372:INFO:             kaleido: 0.2.1
2024-04-02 19:35:33,372:INFO:           schemdraw: 0.15
2024-04-02 19:35:33,372:INFO:         statsmodels: 0.14.0
2024-04-02 19:35:33,372:INFO:              sktime: 0.27.0
2024-04-02 19:35:33,372:INFO:               tbats: 1.1.3
2024-04-02 19:35:33,372:INFO:            pmdarima: 2.0.4
2024-04-02 19:35:33,372:INFO:              psutil: 5.9.0
2024-04-02 19:35:33,372:INFO:          markupsafe: 2.1.1
2024-04-02 19:35:33,372:INFO:             pickle5: Not installed
2024-04-02 19:35:33,372:INFO:         cloudpickle: 2.2.1
2024-04-02 19:35:33,372:INFO:         deprecation: 2.1.0
2024-04-02 19:35:33,372:INFO:              xxhash: 2.0.2
2024-04-02 19:35:33,372:INFO:           wurlitzer: 3.0.2
2024-04-02 19:35:33,372:INFO:PyCaret optional dependencies:
2024-04-02 19:35:33,372:INFO:                shap: Not installed
2024-04-02 19:35:33,372:INFO:           interpret: Not installed
2024-04-02 19:35:33,372:INFO:                umap: 0.5.5
2024-04-02 19:35:33,372:INFO:     ydata_profiling: Not installed
2024-04-02 19:35:33,372:INFO:  explainerdashboard: Not installed
2024-04-02 19:35:33,372:INFO:             autoviz: Not installed
2024-04-02 19:35:33,372:INFO:           fairlearn: Not installed
2024-04-02 19:35:33,372:INFO:          deepchecks: Not installed
2024-04-02 19:35:33,372:INFO:             xgboost: Not installed
2024-04-02 19:35:33,372:INFO:            catboost: Not installed
2024-04-02 19:35:33,372:INFO:              kmodes: Not installed
2024-04-02 19:35:33,372:INFO:             mlxtend: Not installed
2024-04-02 19:35:33,372:INFO:       statsforecast: Not installed
2024-04-02 19:35:33,372:INFO:        tune_sklearn: Not installed
2024-04-02 19:35:33,372:INFO:                 ray: Not installed
2024-04-02 19:35:33,372:INFO:            hyperopt: Not installed
2024-04-02 19:35:33,372:INFO:              optuna: Not installed
2024-04-02 19:35:33,372:INFO:               skopt: Not installed
2024-04-02 19:35:33,372:INFO:              mlflow: Not installed
2024-04-02 19:35:33,372:INFO:              gradio: Not installed
2024-04-02 19:35:33,372:INFO:             fastapi: Not installed
2024-04-02 19:35:33,372:INFO:             uvicorn: Not installed
2024-04-02 19:35:33,372:INFO:              m2cgen: Not installed
2024-04-02 19:35:33,372:INFO:           evidently: Not installed
2024-04-02 19:35:33,372:INFO:               fugue: Not installed
2024-04-02 19:35:33,372:INFO:           streamlit: Not installed
2024-04-02 19:35:33,372:INFO:             prophet: Not installed
2024-04-02 19:35:33,372:INFO:None
2024-04-02 19:35:33,373:INFO:Set up data.
2024-04-02 19:35:33,376:INFO:Set up folding strategy.
2024-04-02 19:35:33,376:INFO:Set up train/test split.
2024-04-02 19:35:33,380:INFO:Set up index.
2024-04-02 19:35:33,380:INFO:Assigning column types.
2024-04-02 19:35:33,382:INFO:Engine successfully changes for model 'lr' to 'sklearn'.
2024-04-02 19:35:33,415:INFO:Engine for model 'knn' has not been set explicitly, hence returning None.
2024-04-02 19:35:33,416:INFO:Engine for model 'rbfsvm' has not been set explicitly, hence returning None.
2024-04-02 19:35:33,439:WARNING:
'xgboost' is a soft dependency and not included in the pycaret installation. Please run: `pip install xgboost` to install.
Alternately, you can install this by running `pip install pycaret[models]`
2024-04-02 19:35:33,440:WARNING:
'catboost' is a soft dependency and not included in the pycaret installation. Please run: `pip install catboost` to install.
Alternately, you can install this by running `pip install pycaret[models]`
2024-04-02 19:35:33,470:INFO:Engine for model 'knn' has not been set explicitly, hence returning None.
2024-04-02 19:35:33,470:INFO:Engine for model 'rbfsvm' has not been set explicitly, hence returning None.
2024-04-02 19:35:33,488:WARNING:
'xgboost' is a soft dependency and not included in the pycaret installation. Please run: `pip install xgboost` to install.
Alternately, you can install this by running `pip install pycaret[models]`
2024-04-02 19:35:33,488:WARNING:
'catboost' is a soft dependency and not included in the pycaret installation. Please run: `pip install catboost` to install.
Alternately, you can install this by running `pip install pycaret[models]`
2024-04-02 19:35:33,489:INFO:Engine successfully changes for model 'knn' to 'sklearn'.
2024-04-02 19:35:33,518:INFO:Engine for model 'rbfsvm' has not been set explicitly, hence returning None.
2024-04-02 19:35:33,537:WARNING:
'xgboost' is a soft dependency and not included in the pycaret installation. Please run: `pip install xgboost` to install.
Alternately, you can install this by running `pip install pycaret[models]`
2024-04-02 19:35:33,537:WARNING:
'catboost' is a soft dependency and not included in the pycaret installation. Please run: `pip install catboost` to install.
Alternately, you can install this by running `pip install pycaret[models]`
2024-04-02 19:35:33,571:INFO:Engine for model 'rbfsvm' has not been set explicitly, hence returning None.
2024-04-02 19:35:33,589:WARNING:
'xgboost' is a soft dependency and not included in the pycaret installation. Please run: `pip install xgboost` to install.
Alternately, you can install this by running `pip install pycaret[models]`
2024-04-02 19:35:33,589:WARNING:
'catboost' is a soft dependency and not included in the pycaret installation. Please run: `pip install catboost` to install.
Alternately, you can install this by running `pip install pycaret[models]`
2024-04-02 19:35:33,590:INFO:Engine successfully changes for model 'rbfsvm' to 'sklearn'.
2024-04-02 19:35:33,640:WARNING:
'xgboost' is a soft dependency and not included in the pycaret installation. Please run: `pip install xgboost` to install.
Alternately, you can install this by running `pip install pycaret[models]`
2024-04-02 19:35:33,640:WARNING:
'catboost' is a soft dependency and not included in the pycaret installation. Please run: `pip install catboost` to install.
Alternately, you can install this by running `pip install pycaret[models]`
2024-04-02 19:35:33,689:WARNING:
'xgboost' is a soft dependency and not included in the pycaret installation. Please run: `pip install xgboost` to install.
Alternately, you can install this by running `pip install pycaret[models]`
2024-04-02 19:35:33,689:WARNING:
'catboost' is a soft dependency and not included in the pycaret installation. Please run: `pip install catboost` to install.
Alternately, you can install this by running `pip install pycaret[models]`
2024-04-02 19:35:33,690:INFO:Preparing preprocessing pipeline...
2024-04-02 19:35:33,691:INFO:Set up simple imputation.
2024-04-02 19:35:33,691:INFO:Set up column name cleaning.
2024-04-02 19:35:33,702:INFO:Finished creating preprocessing pipeline.
2024-04-02 19:35:33,704:INFO:Pipeline: Pipeline(memory=FastMemory(location=/var/folders/py/yncddnwd6kn7d9dzfmz1kcbm0000gn/T/joblib),
         steps=[('numerical_imputer',
                 TransformerWrapper(exclude=None,
                                    include=['Number of times pregnant',
                                             'Plasma glucose concentration a 2 '
                                             'hours in an oral glucose '
                                             'tolerance test',
                                             'Diastolic blood pressure (mm Hg)',
                                             'Triceps skin fold thickness (mm)',
                                             '2-Hour serum insulin (mu U/ml)',
                                             'Body...
                ('categorical_imputer',
                 TransformerWrapper(exclude=None, include=[],
                                    transformer=SimpleImputer(add_indicator=False,
                                                              copy=True,
                                                              fill_value=None,
                                                              keep_empty_features=False,
                                                              missing_values=nan,
                                                              strategy='most_frequent'))),
                ('clean_column_names',
                 TransformerWrapper(exclude=None, include=None,
                                    transformer=CleanColumnNames(match='[\\]\\[\\,\\{\\}\\"\\:]+')))],
         verbose=False)
2024-04-02 19:35:33,704:INFO:Creating final display dataframe.
2024-04-02 19:35:33,742:INFO:Setup _display_container:                     Description             Value
0                    Session id              7384
1                        Target    Class variable
2                   Target type            Binary
3           Original data shape          (768, 9)
4        Transformed data shape          (768, 9)
5   Transformed train set shape          (537, 9)
6    Transformed test set shape          (231, 9)
7              Numeric features                 8
8                    Preprocess              True
9               Imputation type            simple
10           Numeric imputation              mean
11       Categorical imputation              mode
12               Fold Generator   StratifiedKFold
13                  Fold Number                10
14                     CPU Jobs                -1
15                      Use GPU             False
16               Log Experiment             False
17              Experiment Name  clf-default-name
18                          USI              a31c
2024-04-02 19:35:33,794:WARNING:
'xgboost' is a soft dependency and not included in the pycaret installation. Please run: `pip install xgboost` to install.
Alternately, you can install this by running `pip install pycaret[models]`
2024-04-02 19:35:33,794:WARNING:
'catboost' is a soft dependency and not included in the pycaret installation. Please run: `pip install catboost` to install.
Alternately, you can install this by running `pip install pycaret[models]`
2024-04-02 19:35:33,843:WARNING:
'xgboost' is a soft dependency and not included in the pycaret installation. Please run: `pip install xgboost` to install.
Alternately, you can install this by running `pip install pycaret[models]`
2024-04-02 19:35:33,843:WARNING:
'catboost' is a soft dependency and not included in the pycaret installation. Please run: `pip install catboost` to install.
Alternately, you can install this by running `pip install pycaret[models]`
2024-04-02 19:35:33,843:WARNING:/Users/felixlaw/anaconda3/lib/python3.11/site-packages/pycaret/internal/metrics.py:51: FutureWarning: The `needs_threshold` and `needs_proba` parameter are deprecated in version 1.4 and will be removed in 1.6. You can either let `response_method` be `None` or set it to `predict` to preserve the same behaviour.
  warnings.warn(

2024-04-02 19:35:33,844:INFO:setup() successfully completed in 0.48s...............
2024-04-02 19:35:33,844:INFO:Initializing create_model()
2024-04-02 19:35:33,844:INFO:create_model(self=<pycaret.classification.oop.ClassificationExperiment object at 0x294bd5750>, estimator=lr, fold=None, round=4, cross_validation=True, predict=True, fit_kwargs=None, groups=None, refit=True, probability_threshold=None, experiment_custom_tags=None, verbose=True, system=True, add_to_model_list=True, metrics=None, display=None, model_only=True, return_train_score=False, error_score=0.0, kwargs={})
2024-04-02 19:35:33,844:INFO:Checking exceptions
2024-04-02 19:35:33,875:INFO:Importing libraries
2024-04-02 19:35:33,875:INFO:Copying training dataset
2024-04-02 19:35:33,879:INFO:Defining folds
2024-04-02 19:35:33,880:INFO:Declaring metric variables
2024-04-02 19:35:33,883:INFO:Importing untrained model
2024-04-02 19:35:33,885:INFO:Logistic Regression Imported successfully
2024-04-02 19:35:33,888:INFO:Starting cross validation
2024-04-02 19:35:33,893:INFO:Cross validating with StratifiedKFold(n_splits=10, random_state=None, shuffle=False), n_jobs=-1
2024-04-02 19:35:38,481:INFO:Calculating mean and std
2024-04-02 19:35:38,486:INFO:Creating metrics dataframe
2024-04-02 19:35:38,503:INFO:Finalizing model
2024-04-02 19:35:38,551:INFO:Uploading results into container
2024-04-02 19:35:38,552:INFO:Uploading model into container now
2024-04-02 19:35:38,567:INFO:_master_model_container: 1
2024-04-02 19:35:38,567:INFO:_display_container: 2
2024-04-02 19:35:38,568:INFO:LogisticRegression(C=1.0, class_weight=None, dual=False, fit_intercept=True,
                   intercept_scaling=1, l1_ratio=None, max_iter=1000,
                   multi_class='auto', n_jobs=None, penalty='l2',
                   random_state=7384, solver='lbfgs', tol=0.0001, verbose=0,
                   warm_start=False)
2024-04-02 19:35:38,568:INFO:create_model() successfully completed......................................
2024-04-02 19:37:00,465:INFO:PyCaret ClassificationExperiment
2024-04-02 19:37:00,465:INFO:Logging name: clf-default-name
2024-04-02 19:37:00,465:INFO:ML Usecase: MLUsecase.CLASSIFICATION
2024-04-02 19:37:00,465:INFO:version 3.3.0
2024-04-02 19:37:00,465:INFO:Initializing setup()
2024-04-02 19:37:00,465:INFO:self.USI: 3fe5
2024-04-02 19:37:00,465:INFO:self._variable_keys: {'pipeline', 'fold_generator', 'y_test', 'fold_shuffle_param', 'fold_groups_param', 'y', 'exp_id', 'gpu_param', '_available_plots', 'is_multiclass', 'X_test', 'USI', 'log_plots_param', 'html_param', 'fix_imbalance', 'gpu_n_jobs_param', 'X_train', '_ml_usecase', 'logging_param', 'n_jobs_param', 'memory', 'idx', 'exp_name_log', 'X', 'y_train', 'target_param', 'data', 'seed'}
2024-04-02 19:37:00,466:INFO:Checking environment
2024-04-02 19:37:00,466:INFO:python_version: 3.11.5
2024-04-02 19:37:00,466:INFO:python_build: ('main', 'Sep 11 2023 08:31:25')
2024-04-02 19:37:00,466:INFO:machine: arm64
2024-04-02 19:37:00,466:INFO:platform: macOS-12.6.3-arm64-arm-64bit
2024-04-02 19:37:00,466:INFO:Memory: svmem(total=8589934592, available=1935900672, percent=77.5, used=3354214400, free=82739200, active=1866350592, inactive=1850130432, wired=1487863808)
2024-04-02 19:37:00,466:INFO:Physical Core: 8
2024-04-02 19:37:00,466:INFO:Logical Core: 8
2024-04-02 19:37:00,466:INFO:Checking libraries
2024-04-02 19:37:00,466:INFO:System:
2024-04-02 19:37:00,466:INFO:    python: 3.11.5 (main, Sep 11 2023, 08:31:25) [Clang 14.0.6 ]
2024-04-02 19:37:00,466:INFO:executable: /Users/felixlaw/anaconda3/bin/python
2024-04-02 19:37:00,466:INFO:   machine: macOS-12.6.3-arm64-arm-64bit
2024-04-02 19:37:00,466:INFO:PyCaret required dependencies:
2024-04-02 19:37:00,466:INFO:                 pip: 24.0
2024-04-02 19:37:00,466:INFO:          setuptools: 69.2.0
2024-04-02 19:37:00,466:INFO:             pycaret: 3.3.0
2024-04-02 19:37:00,466:INFO:             IPython: 8.15.0
2024-04-02 19:37:00,466:INFO:          ipywidgets: 8.0.4
2024-04-02 19:37:00,466:INFO:                tqdm: 4.65.0
2024-04-02 19:37:00,466:INFO:               numpy: 1.26.0
2024-04-02 19:37:00,466:INFO:              pandas: 1.5.3
2024-04-02 19:37:00,466:INFO:              jinja2: 3.1.2
2024-04-02 19:37:00,466:INFO:               scipy: 1.11.1
2024-04-02 19:37:00,466:INFO:              joblib: 1.2.0
2024-04-02 19:37:00,466:INFO:             sklearn: 1.4.1.post1
2024-04-02 19:37:00,466:INFO:                pyod: 1.1.3
2024-04-02 19:37:00,466:INFO:            imblearn: 0.12.0
2024-04-02 19:37:00,466:INFO:   category_encoders: 2.6.3
2024-04-02 19:37:00,466:INFO:            lightgbm: 4.1.0
2024-04-02 19:37:00,466:INFO:               numba: 0.59.1
2024-04-02 19:37:00,466:INFO:            requests: 2.31.0
2024-04-02 19:37:00,466:INFO:          matplotlib: 3.7.2
2024-04-02 19:37:00,466:INFO:          scikitplot: 0.3.7
2024-04-02 19:37:00,466:INFO:         yellowbrick: 1.5
2024-04-02 19:37:00,466:INFO:              plotly: 5.20.0
2024-04-02 19:37:00,466:INFO:    plotly-resampler: Not installed
2024-04-02 19:37:00,466:INFO:             kaleido: 0.2.1
2024-04-02 19:37:00,467:INFO:           schemdraw: 0.15
2024-04-02 19:37:00,467:INFO:         statsmodels: 0.14.0
2024-04-02 19:37:00,467:INFO:              sktime: 0.27.0
2024-04-02 19:37:00,467:INFO:               tbats: 1.1.3
2024-04-02 19:37:00,467:INFO:            pmdarima: 2.0.4
2024-04-02 19:37:00,467:INFO:              psutil: 5.9.0
2024-04-02 19:37:00,467:INFO:          markupsafe: 2.1.1
2024-04-02 19:37:00,467:INFO:             pickle5: Not installed
2024-04-02 19:37:00,467:INFO:         cloudpickle: 2.2.1
2024-04-02 19:37:00,467:INFO:         deprecation: 2.1.0
2024-04-02 19:37:00,467:INFO:              xxhash: 2.0.2
2024-04-02 19:37:00,467:INFO:           wurlitzer: 3.0.2
2024-04-02 19:37:00,467:INFO:PyCaret optional dependencies:
2024-04-02 19:37:00,467:INFO:                shap: Not installed
2024-04-02 19:37:00,467:INFO:           interpret: Not installed
2024-04-02 19:37:00,467:INFO:                umap: 0.5.5
2024-04-02 19:37:00,467:INFO:     ydata_profiling: Not installed
2024-04-02 19:37:00,467:INFO:  explainerdashboard: Not installed
2024-04-02 19:37:00,467:INFO:             autoviz: Not installed
2024-04-02 19:37:00,467:INFO:           fairlearn: Not installed
2024-04-02 19:37:00,467:INFO:          deepchecks: Not installed
2024-04-02 19:37:00,467:INFO:             xgboost: Not installed
2024-04-02 19:37:00,467:INFO:            catboost: Not installed
2024-04-02 19:37:00,467:INFO:              kmodes: Not installed
2024-04-02 19:37:00,467:INFO:             mlxtend: Not installed
2024-04-02 19:37:00,467:INFO:       statsforecast: Not installed
2024-04-02 19:37:00,467:INFO:        tune_sklearn: Not installed
2024-04-02 19:37:00,467:INFO:                 ray: Not installed
2024-04-02 19:37:00,467:INFO:            hyperopt: Not installed
2024-04-02 19:37:00,467:INFO:              optuna: Not installed
2024-04-02 19:37:00,467:INFO:               skopt: Not installed
2024-04-02 19:37:00,467:INFO:              mlflow: Not installed
2024-04-02 19:37:00,467:INFO:              gradio: Not installed
2024-04-02 19:37:00,467:INFO:             fastapi: Not installed
2024-04-02 19:37:00,467:INFO:             uvicorn: Not installed
2024-04-02 19:37:00,467:INFO:              m2cgen: Not installed
2024-04-02 19:37:00,467:INFO:           evidently: Not installed
2024-04-02 19:37:00,467:INFO:               fugue: Not installed
2024-04-02 19:37:00,467:INFO:           streamlit: Not installed
2024-04-02 19:37:00,467:INFO:             prophet: Not installed
2024-04-02 19:37:00,467:INFO:None
2024-04-02 19:37:00,467:INFO:Set up data.
2024-04-02 19:37:00,504:INFO:Set up folding strategy.
2024-04-02 19:37:00,505:INFO:Set up train/test split.
2024-04-02 19:37:00,519:INFO:Set up index.
2024-04-02 19:37:00,519:INFO:Assigning column types.
2024-04-02 19:37:00,522:INFO:Engine successfully changes for model 'lr' to 'sklearn'.
2024-04-02 19:37:00,552:INFO:Engine for model 'knn' has not been set explicitly, hence returning None.
2024-04-02 19:37:00,553:INFO:Engine for model 'rbfsvm' has not been set explicitly, hence returning None.
2024-04-02 19:37:00,572:WARNING:
'xgboost' is a soft dependency and not included in the pycaret installation. Please run: `pip install xgboost` to install.
Alternately, you can install this by running `pip install pycaret[models]`
2024-04-02 19:37:00,572:WARNING:
'catboost' is a soft dependency and not included in the pycaret installation. Please run: `pip install catboost` to install.
Alternately, you can install this by running `pip install pycaret[models]`
2024-04-02 19:37:00,601:INFO:Engine for model 'knn' has not been set explicitly, hence returning None.
2024-04-02 19:37:00,602:INFO:Engine for model 'rbfsvm' has not been set explicitly, hence returning None.
2024-04-02 19:37:00,619:WARNING:
'xgboost' is a soft dependency and not included in the pycaret installation. Please run: `pip install xgboost` to install.
Alternately, you can install this by running `pip install pycaret[models]`
2024-04-02 19:37:00,620:WARNING:
'catboost' is a soft dependency and not included in the pycaret installation. Please run: `pip install catboost` to install.
Alternately, you can install this by running `pip install pycaret[models]`
2024-04-02 19:37:00,620:INFO:Engine successfully changes for model 'knn' to 'sklearn'.
2024-04-02 19:37:00,649:INFO:Engine for model 'rbfsvm' has not been set explicitly, hence returning None.
2024-04-02 19:37:00,667:WARNING:
'xgboost' is a soft dependency and not included in the pycaret installation. Please run: `pip install xgboost` to install.
Alternately, you can install this by running `pip install pycaret[models]`
2024-04-02 19:37:00,668:WARNING:
'catboost' is a soft dependency and not included in the pycaret installation. Please run: `pip install catboost` to install.
Alternately, you can install this by running `pip install pycaret[models]`
2024-04-02 19:37:00,698:INFO:Engine for model 'rbfsvm' has not been set explicitly, hence returning None.
2024-04-02 19:37:00,716:WARNING:
'xgboost' is a soft dependency and not included in the pycaret installation. Please run: `pip install xgboost` to install.
Alternately, you can install this by running `pip install pycaret[models]`
2024-04-02 19:37:00,716:WARNING:
'catboost' is a soft dependency and not included in the pycaret installation. Please run: `pip install catboost` to install.
Alternately, you can install this by running `pip install pycaret[models]`
2024-04-02 19:37:00,716:INFO:Engine successfully changes for model 'rbfsvm' to 'sklearn'.
2024-04-02 19:37:00,763:WARNING:
'xgboost' is a soft dependency and not included in the pycaret installation. Please run: `pip install xgboost` to install.
Alternately, you can install this by running `pip install pycaret[models]`
2024-04-02 19:37:00,763:WARNING:
'catboost' is a soft dependency and not included in the pycaret installation. Please run: `pip install catboost` to install.
Alternately, you can install this by running `pip install pycaret[models]`
2024-04-02 19:37:00,810:WARNING:
'xgboost' is a soft dependency and not included in the pycaret installation. Please run: `pip install xgboost` to install.
Alternately, you can install this by running `pip install pycaret[models]`
2024-04-02 19:37:00,810:WARNING:
'catboost' is a soft dependency and not included in the pycaret installation. Please run: `pip install catboost` to install.
Alternately, you can install this by running `pip install pycaret[models]`
2024-04-02 19:37:00,810:INFO:Preparing preprocessing pipeline...
2024-04-02 19:37:00,811:INFO:Set up simple imputation.
2024-04-02 19:37:00,814:INFO:Set up encoding of ordinal features.
2024-04-02 19:37:00,815:INFO:Set up encoding of categorical features.
2024-04-02 19:37:00,816:INFO:Set up column name cleaning.
2024-04-02 19:37:01,166:INFO:Finished creating preprocessing pipeline.
2024-04-02 19:37:01,175:INFO:Pipeline: Pipeline(memory=FastMemory(location=/var/folders/py/yncddnwd6kn7d9dzfmz1kcbm0000gn/T/joblib),
         steps=[('numerical_imputer',
                 TransformerWrapper(exclude=None,
                                    include=['age', 'education-num',
                                             'capital-gain', 'capital-loss',
                                             'hours-per-week'],
                                    transformer=SimpleImputer(add_indicator=False,
                                                              copy=True,
                                                              fill_value=None,
                                                              keep_empty_features=False,
                                                              missing_values=nan,
                                                              s...
                 TransformerWrapper(exclude=None, include=['native-country'],
                                    transformer=TargetEncoder(cols=['native-country'],
                                                              drop_invariant=False,
                                                              handle_missing='return_nan',
                                                              handle_unknown='value',
                                                              hierarchy=None,
                                                              min_samples_leaf=20,
                                                              return_df=True,
                                                              smoothing=10,
                                                              verbose=0))),
                ('clean_column_names',
                 TransformerWrapper(exclude=None, include=None,
                                    transformer=CleanColumnNames(match='[\\]\\[\\,\\{\\}\\"\\:]+')))],
         verbose=False)
2024-04-02 19:37:01,175:INFO:Creating final display dataframe.
2024-04-02 19:37:01,760:INFO:Setup _display_container:                     Description             Value
0                    Session id              8263
1                        Target       income >50K
2                   Target type            Binary
3           Original data shape       (32561, 14)
4        Transformed data shape       (32561, 64)
5   Transformed train set shape       (22792, 64)
6    Transformed test set shape        (9769, 64)
7              Numeric features                 5
8          Categorical features                 8
9      Rows with missing values              7.4%
10                   Preprocess              True
11              Imputation type            simple
12           Numeric imputation              mean
13       Categorical imputation              mode
14     Maximum one-hot encoding                25
15              Encoding method              None
16               Fold Generator   StratifiedKFold
17                  Fold Number                10
18                     CPU Jobs                -1
19                      Use GPU             False
20               Log Experiment             False
21              Experiment Name  clf-default-name
22                          USI              3fe5
2024-04-02 19:37:01,837:WARNING:
'xgboost' is a soft dependency and not included in the pycaret installation. Please run: `pip install xgboost` to install.
Alternately, you can install this by running `pip install pycaret[models]`
2024-04-02 19:37:01,838:WARNING:
'catboost' is a soft dependency and not included in the pycaret installation. Please run: `pip install catboost` to install.
Alternately, you can install this by running `pip install pycaret[models]`
2024-04-02 19:37:01,897:WARNING:
'xgboost' is a soft dependency and not included in the pycaret installation. Please run: `pip install xgboost` to install.
Alternately, you can install this by running `pip install pycaret[models]`
2024-04-02 19:37:01,897:WARNING:
'catboost' is a soft dependency and not included in the pycaret installation. Please run: `pip install catboost` to install.
Alternately, you can install this by running `pip install pycaret[models]`
2024-04-02 19:37:01,898:WARNING:/Users/felixlaw/anaconda3/lib/python3.11/site-packages/pycaret/internal/metrics.py:51: FutureWarning: The `needs_threshold` and `needs_proba` parameter are deprecated in version 1.4 and will be removed in 1.6. You can either let `response_method` be `None` or set it to `predict` to preserve the same behaviour.
  warnings.warn(

2024-04-02 19:37:01,899:INFO:setup() successfully completed in 1.44s...............
2024-04-02 19:37:01,899:INFO:Initializing create_model()
2024-04-02 19:37:01,899:INFO:create_model(self=<pycaret.classification.oop.ClassificationExperiment object at 0x28d5bb7d0>, estimator=lr, fold=None, round=4, cross_validation=True, predict=True, fit_kwargs=None, groups=None, refit=True, probability_threshold=None, experiment_custom_tags=None, verbose=True, system=True, add_to_model_list=True, metrics=None, display=None, model_only=True, return_train_score=False, error_score=0.0, kwargs={})
2024-04-02 19:37:01,899:INFO:Checking exceptions
2024-04-02 19:37:01,908:INFO:Importing libraries
2024-04-02 19:37:01,908:INFO:Copying training dataset
2024-04-02 19:37:01,918:INFO:Defining folds
2024-04-02 19:37:01,918:INFO:Declaring metric variables
2024-04-02 19:37:01,920:INFO:Importing untrained model
2024-04-02 19:37:01,923:INFO:Logistic Regression Imported successfully
2024-04-02 19:37:01,928:INFO:Starting cross validation
2024-04-02 19:37:01,929:INFO:Cross validating with StratifiedKFold(n_splits=10, random_state=None, shuffle=False), n_jobs=-1
2024-04-02 19:37:10,451:WARNING:/Users/felixlaw/anaconda3/lib/python3.11/site-packages/sklearn/linear_model/_logistic.py:469: ConvergenceWarning: lbfgs failed to converge (status=1):
STOP: TOTAL NO. of ITERATIONS REACHED LIMIT.

Increase the number of iterations (max_iter) or scale the data as shown in:
    https://scikit-learn.org/stable/modules/preprocessing.html
Please also refer to the documentation for alternative solver options:
    https://scikit-learn.org/stable/modules/linear_model.html#logistic-regression
  n_iter_i = _check_optimize_result(

2024-04-02 19:37:10,507:WARNING:/Users/felixlaw/anaconda3/lib/python3.11/site-packages/sklearn/linear_model/_logistic.py:469: ConvergenceWarning: lbfgs failed to converge (status=1):
STOP: TOTAL NO. of ITERATIONS REACHED LIMIT.

Increase the number of iterations (max_iter) or scale the data as shown in:
    https://scikit-learn.org/stable/modules/preprocessing.html
Please also refer to the documentation for alternative solver options:
    https://scikit-learn.org/stable/modules/linear_model.html#logistic-regression
  n_iter_i = _check_optimize_result(

2024-04-02 19:37:10,518:WARNING:/Users/felixlaw/anaconda3/lib/python3.11/site-packages/sklearn/linear_model/_logistic.py:469: ConvergenceWarning: lbfgs failed to converge (status=1):
STOP: TOTAL NO. of ITERATIONS REACHED LIMIT.

Increase the number of iterations (max_iter) or scale the data as shown in:
    https://scikit-learn.org/stable/modules/preprocessing.html
Please also refer to the documentation for alternative solver options:
    https://scikit-learn.org/stable/modules/linear_model.html#logistic-regression
  n_iter_i = _check_optimize_result(

2024-04-02 19:37:10,567:WARNING:/Users/felixlaw/anaconda3/lib/python3.11/site-packages/sklearn/linear_model/_logistic.py:469: ConvergenceWarning: lbfgs failed to converge (status=1):
STOP: TOTAL NO. of ITERATIONS REACHED LIMIT.

Increase the number of iterations (max_iter) or scale the data as shown in:
    https://scikit-learn.org/stable/modules/preprocessing.html
Please also refer to the documentation for alternative solver options:
    https://scikit-learn.org/stable/modules/linear_model.html#logistic-regression
  n_iter_i = _check_optimize_result(

2024-04-02 19:37:10,606:WARNING:/Users/felixlaw/anaconda3/lib/python3.11/site-packages/sklearn/linear_model/_logistic.py:469: ConvergenceWarning: lbfgs failed to converge (status=1):
STOP: TOTAL NO. of ITERATIONS REACHED LIMIT.

Increase the number of iterations (max_iter) or scale the data as shown in:
    https://scikit-learn.org/stable/modules/preprocessing.html
Please also refer to the documentation for alternative solver options:
    https://scikit-learn.org/stable/modules/linear_model.html#logistic-regression
  n_iter_i = _check_optimize_result(

2024-04-02 19:37:10,649:WARNING:/Users/felixlaw/anaconda3/lib/python3.11/site-packages/pycaret/internal/metrics.py:196: FitFailedWarning: Metric 'make_scorer(roc_auc_score, response_method='predict_proba', average=weighted, multi_class=ovr)' failed and error score 0.0 has been returned instead. If this is a custom metric, this usually means that the error is in the metric code. Full exception below:
Traceback (most recent call last):
  File "/Users/felixlaw/anaconda3/lib/python3.11/site-packages/pycaret/internal/metrics.py", line 188, in _score
    return super()._score(
           ^^^^^^^^^^^^^^^
  File "/Users/felixlaw/anaconda3/lib/python3.11/site-packages/sklearn/metrics/_scorer.py", line 345, in _score
    y_pred = method_caller(
             ^^^^^^^^^^^^^^
  File "/Users/felixlaw/anaconda3/lib/python3.11/site-packages/sklearn/metrics/_scorer.py", line 87, in _cached_call
    result, _ = _get_response_values(
                ^^^^^^^^^^^^^^^^^^^^^
  File "/Users/felixlaw/anaconda3/lib/python3.11/site-packages/sklearn/utils/_response.py", line 210, in _get_response_values
    y_pred = prediction_method(X)
             ^^^^^^^^^^^^^^^^^^^^
  File "/Users/felixlaw/anaconda3/lib/python3.11/site-packages/pycaret/internal/pipeline.py", line 341, in predict_proba
    Xt = transform.transform(Xt)
         ^^^^^^^^^^^^^^^^^^^^^^^
  File "/Users/felixlaw/anaconda3/lib/python3.11/site-packages/sklearn/utils/_set_output.py", line 295, in wrapped
    data_to_wrap = f(self, X, *args, **kwargs)
                   ^^^^^^^^^^^^^^^^^^^^^^^^^^^
  File "/Users/felixlaw/anaconda3/lib/python3.11/site-packages/pycaret/internal/preprocess/transformers.py", line 248, in transform
    args.append(X[self._include])
                ~^^^^^^^^^^^^^^^
  File "/Users/felixlaw/anaconda3/lib/python3.11/site-packages/pandas/core/frame.py", line 3813, in __getitem__
    indexer = self.columns._get_indexer_strict(key, "columns")[1]
              ^^^^^^^^^^^^^^^^^^^^^^^^^^^^^^^^^^^^^^^^^^^^^^^^
  File "/Users/felixlaw/anaconda3/lib/python3.11/site-packages/pandas/core/indexes/base.py", line 6070, in _get_indexer_strict
    self._raise_if_missing(keyarr, indexer, axis_name)
  File "/Users/felixlaw/anaconda3/lib/python3.11/site-packages/pandas/core/indexes/base.py", line 6133, in _raise_if_missing
    raise KeyError(f"{not_found} not in index")
KeyError: "['workclass', 'education', 'marital-status', 'occupation', 'relationship', 'race'] not in index"

  warnings.warn(

2024-04-02 19:37:10,668:WARNING:/Users/felixlaw/anaconda3/lib/python3.11/site-packages/sklearn/linear_model/_logistic.py:469: ConvergenceWarning: lbfgs failed to converge (status=1):
STOP: TOTAL NO. of ITERATIONS REACHED LIMIT.

Increase the number of iterations (max_iter) or scale the data as shown in:
    https://scikit-learn.org/stable/modules/preprocessing.html
Please also refer to the documentation for alternative solver options:
    https://scikit-learn.org/stable/modules/linear_model.html#logistic-regression
  n_iter_i = _check_optimize_result(

2024-04-02 19:37:10,682:WARNING:/Users/felixlaw/anaconda3/lib/python3.11/site-packages/pycaret/internal/metrics.py:196: FitFailedWarning: Metric 'make_scorer(roc_auc_score, response_method='predict_proba', average=weighted, multi_class=ovr)' failed and error score 0.0 has been returned instead. If this is a custom metric, this usually means that the error is in the metric code. Full exception below:
Traceback (most recent call last):
  File "/Users/felixlaw/anaconda3/lib/python3.11/site-packages/pycaret/internal/metrics.py", line 188, in _score
    return super()._score(
           ^^^^^^^^^^^^^^^
  File "/Users/felixlaw/anaconda3/lib/python3.11/site-packages/sklearn/metrics/_scorer.py", line 345, in _score
    y_pred = method_caller(
             ^^^^^^^^^^^^^^
  File "/Users/felixlaw/anaconda3/lib/python3.11/site-packages/sklearn/metrics/_scorer.py", line 87, in _cached_call
    result, _ = _get_response_values(
                ^^^^^^^^^^^^^^^^^^^^^
  File "/Users/felixlaw/anaconda3/lib/python3.11/site-packages/sklearn/utils/_response.py", line 210, in _get_response_values
    y_pred = prediction_method(X)
             ^^^^^^^^^^^^^^^^^^^^
  File "/Users/felixlaw/anaconda3/lib/python3.11/site-packages/pycaret/internal/pipeline.py", line 341, in predict_proba
    Xt = transform.transform(Xt)
         ^^^^^^^^^^^^^^^^^^^^^^^
  File "/Users/felixlaw/anaconda3/lib/python3.11/site-packages/sklearn/utils/_set_output.py", line 295, in wrapped
    data_to_wrap = f(self, X, *args, **kwargs)
                   ^^^^^^^^^^^^^^^^^^^^^^^^^^^
  File "/Users/felixlaw/anaconda3/lib/python3.11/site-packages/pycaret/internal/preprocess/transformers.py", line 248, in transform
    args.append(X[self._include])
                ~^^^^^^^^^^^^^^^
  File "/Users/felixlaw/anaconda3/lib/python3.11/site-packages/pandas/core/frame.py", line 3813, in __getitem__
    indexer = self.columns._get_indexer_strict(key, "columns")[1]
              ^^^^^^^^^^^^^^^^^^^^^^^^^^^^^^^^^^^^^^^^^^^^^^^^
  File "/Users/felixlaw/anaconda3/lib/python3.11/site-packages/pandas/core/indexes/base.py", line 6070, in _get_indexer_strict
    self._raise_if_missing(keyarr, indexer, axis_name)
  File "/Users/felixlaw/anaconda3/lib/python3.11/site-packages/pandas/core/indexes/base.py", line 6133, in _raise_if_missing
    raise KeyError(f"{not_found} not in index")
KeyError: "['workclass', 'education', 'marital-status', 'occupation', 'relationship', 'race'] not in index"

  warnings.warn(

2024-04-02 19:37:10,692:WARNING:/Users/felixlaw/anaconda3/lib/python3.11/site-packages/pycaret/internal/metrics.py:196: FitFailedWarning: Metric 'make_scorer(roc_auc_score, response_method='predict_proba', average=weighted, multi_class=ovr)' failed and error score 0.0 has been returned instead. If this is a custom metric, this usually means that the error is in the metric code. Full exception below:
Traceback (most recent call last):
  File "/Users/felixlaw/anaconda3/lib/python3.11/site-packages/pycaret/internal/metrics.py", line 188, in _score
    return super()._score(
           ^^^^^^^^^^^^^^^
  File "/Users/felixlaw/anaconda3/lib/python3.11/site-packages/sklearn/metrics/_scorer.py", line 345, in _score
    y_pred = method_caller(
             ^^^^^^^^^^^^^^
  File "/Users/felixlaw/anaconda3/lib/python3.11/site-packages/sklearn/metrics/_scorer.py", line 87, in _cached_call
    result, _ = _get_response_values(
                ^^^^^^^^^^^^^^^^^^^^^
  File "/Users/felixlaw/anaconda3/lib/python3.11/site-packages/sklearn/utils/_response.py", line 210, in _get_response_values
    y_pred = prediction_method(X)
             ^^^^^^^^^^^^^^^^^^^^
  File "/Users/felixlaw/anaconda3/lib/python3.11/site-packages/pycaret/internal/pipeline.py", line 341, in predict_proba
    Xt = transform.transform(Xt)
         ^^^^^^^^^^^^^^^^^^^^^^^
  File "/Users/felixlaw/anaconda3/lib/python3.11/site-packages/sklearn/utils/_set_output.py", line 295, in wrapped
    data_to_wrap = f(self, X, *args, **kwargs)
                   ^^^^^^^^^^^^^^^^^^^^^^^^^^^
  File "/Users/felixlaw/anaconda3/lib/python3.11/site-packages/pycaret/internal/preprocess/transformers.py", line 248, in transform
    args.append(X[self._include])
                ~^^^^^^^^^^^^^^^
  File "/Users/felixlaw/anaconda3/lib/python3.11/site-packages/pandas/core/frame.py", line 3813, in __getitem__
    indexer = self.columns._get_indexer_strict(key, "columns")[1]
              ^^^^^^^^^^^^^^^^^^^^^^^^^^^^^^^^^^^^^^^^^^^^^^^^
  File "/Users/felixlaw/anaconda3/lib/python3.11/site-packages/pandas/core/indexes/base.py", line 6070, in _get_indexer_strict
    self._raise_if_missing(keyarr, indexer, axis_name)
  File "/Users/felixlaw/anaconda3/lib/python3.11/site-packages/pandas/core/indexes/base.py", line 6133, in _raise_if_missing
    raise KeyError(f"{not_found} not in index")
KeyError: "['workclass', 'education', 'marital-status', 'occupation', 'relationship', 'race'] not in index"

  warnings.warn(

2024-04-02 19:37:10,759:WARNING:/Users/felixlaw/anaconda3/lib/python3.11/site-packages/sklearn/linear_model/_logistic.py:469: ConvergenceWarning: lbfgs failed to converge (status=1):
STOP: TOTAL NO. of ITERATIONS REACHED LIMIT.

Increase the number of iterations (max_iter) or scale the data as shown in:
    https://scikit-learn.org/stable/modules/preprocessing.html
Please also refer to the documentation for alternative solver options:
    https://scikit-learn.org/stable/modules/linear_model.html#logistic-regression
  n_iter_i = _check_optimize_result(

2024-04-02 19:37:10,762:WARNING:/Users/felixlaw/anaconda3/lib/python3.11/site-packages/pycaret/internal/metrics.py:196: FitFailedWarning: Metric 'make_scorer(roc_auc_score, response_method='predict_proba', average=weighted, multi_class=ovr)' failed and error score 0.0 has been returned instead. If this is a custom metric, this usually means that the error is in the metric code. Full exception below:
Traceback (most recent call last):
  File "/Users/felixlaw/anaconda3/lib/python3.11/site-packages/pycaret/internal/metrics.py", line 188, in _score
    return super()._score(
           ^^^^^^^^^^^^^^^
  File "/Users/felixlaw/anaconda3/lib/python3.11/site-packages/sklearn/metrics/_scorer.py", line 345, in _score
    y_pred = method_caller(
             ^^^^^^^^^^^^^^
  File "/Users/felixlaw/anaconda3/lib/python3.11/site-packages/sklearn/metrics/_scorer.py", line 87, in _cached_call
    result, _ = _get_response_values(
                ^^^^^^^^^^^^^^^^^^^^^
  File "/Users/felixlaw/anaconda3/lib/python3.11/site-packages/sklearn/utils/_response.py", line 210, in _get_response_values
    y_pred = prediction_method(X)
             ^^^^^^^^^^^^^^^^^^^^
  File "/Users/felixlaw/anaconda3/lib/python3.11/site-packages/pycaret/internal/pipeline.py", line 341, in predict_proba
    Xt = transform.transform(Xt)
         ^^^^^^^^^^^^^^^^^^^^^^^
  File "/Users/felixlaw/anaconda3/lib/python3.11/site-packages/sklearn/utils/_set_output.py", line 295, in wrapped
    data_to_wrap = f(self, X, *args, **kwargs)
                   ^^^^^^^^^^^^^^^^^^^^^^^^^^^
  File "/Users/felixlaw/anaconda3/lib/python3.11/site-packages/pycaret/internal/preprocess/transformers.py", line 248, in transform
    args.append(X[self._include])
                ~^^^^^^^^^^^^^^^
  File "/Users/felixlaw/anaconda3/lib/python3.11/site-packages/pandas/core/frame.py", line 3813, in __getitem__
    indexer = self.columns._get_indexer_strict(key, "columns")[1]
              ^^^^^^^^^^^^^^^^^^^^^^^^^^^^^^^^^^^^^^^^^^^^^^^^
  File "/Users/felixlaw/anaconda3/lib/python3.11/site-packages/pandas/core/indexes/base.py", line 6070, in _get_indexer_strict
    self._raise_if_missing(keyarr, indexer, axis_name)
  File "/Users/felixlaw/anaconda3/lib/python3.11/site-packages/pandas/core/indexes/base.py", line 6133, in _raise_if_missing
    raise KeyError(f"{not_found} not in index")
KeyError: "['workclass', 'education', 'marital-status', 'occupation', 'relationship', 'race'] not in index"

  warnings.warn(

2024-04-02 19:37:10,783:WARNING:/Users/felixlaw/anaconda3/lib/python3.11/site-packages/pycaret/internal/metrics.py:196: FitFailedWarning: Metric 'make_scorer(roc_auc_score, response_method='predict_proba', average=weighted, multi_class=ovr)' failed and error score 0.0 has been returned instead. If this is a custom metric, this usually means that the error is in the metric code. Full exception below:
Traceback (most recent call last):
  File "/Users/felixlaw/anaconda3/lib/python3.11/site-packages/pycaret/internal/metrics.py", line 188, in _score
    return super()._score(
           ^^^^^^^^^^^^^^^
  File "/Users/felixlaw/anaconda3/lib/python3.11/site-packages/sklearn/metrics/_scorer.py", line 345, in _score
    y_pred = method_caller(
             ^^^^^^^^^^^^^^
  File "/Users/felixlaw/anaconda3/lib/python3.11/site-packages/sklearn/metrics/_scorer.py", line 87, in _cached_call
    result, _ = _get_response_values(
                ^^^^^^^^^^^^^^^^^^^^^
  File "/Users/felixlaw/anaconda3/lib/python3.11/site-packages/sklearn/utils/_response.py", line 210, in _get_response_values
    y_pred = prediction_method(X)
             ^^^^^^^^^^^^^^^^^^^^
  File "/Users/felixlaw/anaconda3/lib/python3.11/site-packages/pycaret/internal/pipeline.py", line 341, in predict_proba
    Xt = transform.transform(Xt)
         ^^^^^^^^^^^^^^^^^^^^^^^
  File "/Users/felixlaw/anaconda3/lib/python3.11/site-packages/sklearn/utils/_set_output.py", line 295, in wrapped
    data_to_wrap = f(self, X, *args, **kwargs)
                   ^^^^^^^^^^^^^^^^^^^^^^^^^^^
  File "/Users/felixlaw/anaconda3/lib/python3.11/site-packages/pycaret/internal/preprocess/transformers.py", line 248, in transform
    args.append(X[self._include])
                ~^^^^^^^^^^^^^^^
  File "/Users/felixlaw/anaconda3/lib/python3.11/site-packages/pandas/core/frame.py", line 3813, in __getitem__
    indexer = self.columns._get_indexer_strict(key, "columns")[1]
              ^^^^^^^^^^^^^^^^^^^^^^^^^^^^^^^^^^^^^^^^^^^^^^^^
  File "/Users/felixlaw/anaconda3/lib/python3.11/site-packages/pandas/core/indexes/base.py", line 6070, in _get_indexer_strict
    self._raise_if_missing(keyarr, indexer, axis_name)
  File "/Users/felixlaw/anaconda3/lib/python3.11/site-packages/pandas/core/indexes/base.py", line 6133, in _raise_if_missing
    raise KeyError(f"{not_found} not in index")
KeyError: "['workclass', 'education', 'marital-status', 'occupation', 'relationship', 'race'] not in index"

  warnings.warn(

2024-04-02 19:37:10,828:WARNING:/Users/felixlaw/anaconda3/lib/python3.11/site-packages/pycaret/internal/metrics.py:196: FitFailedWarning: Metric 'make_scorer(roc_auc_score, response_method='predict_proba', average=weighted, multi_class=ovr)' failed and error score 0.0 has been returned instead. If this is a custom metric, this usually means that the error is in the metric code. Full exception below:
Traceback (most recent call last):
  File "/Users/felixlaw/anaconda3/lib/python3.11/site-packages/pycaret/internal/metrics.py", line 188, in _score
    return super()._score(
           ^^^^^^^^^^^^^^^
  File "/Users/felixlaw/anaconda3/lib/python3.11/site-packages/sklearn/metrics/_scorer.py", line 345, in _score
    y_pred = method_caller(
             ^^^^^^^^^^^^^^
  File "/Users/felixlaw/anaconda3/lib/python3.11/site-packages/sklearn/metrics/_scorer.py", line 87, in _cached_call
    result, _ = _get_response_values(
                ^^^^^^^^^^^^^^^^^^^^^
  File "/Users/felixlaw/anaconda3/lib/python3.11/site-packages/sklearn/utils/_response.py", line 210, in _get_response_values
    y_pred = prediction_method(X)
             ^^^^^^^^^^^^^^^^^^^^
  File "/Users/felixlaw/anaconda3/lib/python3.11/site-packages/pycaret/internal/pipeline.py", line 341, in predict_proba
    Xt = transform.transform(Xt)
         ^^^^^^^^^^^^^^^^^^^^^^^
  File "/Users/felixlaw/anaconda3/lib/python3.11/site-packages/sklearn/utils/_set_output.py", line 295, in wrapped
    data_to_wrap = f(self, X, *args, **kwargs)
                   ^^^^^^^^^^^^^^^^^^^^^^^^^^^
  File "/Users/felixlaw/anaconda3/lib/python3.11/site-packages/pycaret/internal/preprocess/transformers.py", line 248, in transform
    args.append(X[self._include])
                ~^^^^^^^^^^^^^^^
  File "/Users/felixlaw/anaconda3/lib/python3.11/site-packages/pandas/core/frame.py", line 3813, in __getitem__
    indexer = self.columns._get_indexer_strict(key, "columns")[1]
              ^^^^^^^^^^^^^^^^^^^^^^^^^^^^^^^^^^^^^^^^^^^^^^^^
  File "/Users/felixlaw/anaconda3/lib/python3.11/site-packages/pandas/core/indexes/base.py", line 6070, in _get_indexer_strict
    self._raise_if_missing(keyarr, indexer, axis_name)
  File "/Users/felixlaw/anaconda3/lib/python3.11/site-packages/pandas/core/indexes/base.py", line 6133, in _raise_if_missing
    raise KeyError(f"{not_found} not in index")
KeyError: "['workclass', 'education', 'marital-status', 'occupation', 'relationship', 'race'] not in index"

  warnings.warn(

2024-04-02 19:37:10,874:WARNING:/Users/felixlaw/anaconda3/lib/python3.11/site-packages/pycaret/internal/metrics.py:196: FitFailedWarning: Metric 'make_scorer(roc_auc_score, response_method='predict_proba', average=weighted, multi_class=ovr)' failed and error score 0.0 has been returned instead. If this is a custom metric, this usually means that the error is in the metric code. Full exception below:
Traceback (most recent call last):
  File "/Users/felixlaw/anaconda3/lib/python3.11/site-packages/pycaret/internal/metrics.py", line 188, in _score
    return super()._score(
           ^^^^^^^^^^^^^^^
  File "/Users/felixlaw/anaconda3/lib/python3.11/site-packages/sklearn/metrics/_scorer.py", line 345, in _score
    y_pred = method_caller(
             ^^^^^^^^^^^^^^
  File "/Users/felixlaw/anaconda3/lib/python3.11/site-packages/sklearn/metrics/_scorer.py", line 87, in _cached_call
    result, _ = _get_response_values(
                ^^^^^^^^^^^^^^^^^^^^^
  File "/Users/felixlaw/anaconda3/lib/python3.11/site-packages/sklearn/utils/_response.py", line 210, in _get_response_values
    y_pred = prediction_method(X)
             ^^^^^^^^^^^^^^^^^^^^
  File "/Users/felixlaw/anaconda3/lib/python3.11/site-packages/pycaret/internal/pipeline.py", line 341, in predict_proba
    Xt = transform.transform(Xt)
         ^^^^^^^^^^^^^^^^^^^^^^^
  File "/Users/felixlaw/anaconda3/lib/python3.11/site-packages/sklearn/utils/_set_output.py", line 295, in wrapped
    data_to_wrap = f(self, X, *args, **kwargs)
                   ^^^^^^^^^^^^^^^^^^^^^^^^^^^
  File "/Users/felixlaw/anaconda3/lib/python3.11/site-packages/pycaret/internal/preprocess/transformers.py", line 248, in transform
    args.append(X[self._include])
                ~^^^^^^^^^^^^^^^
  File "/Users/felixlaw/anaconda3/lib/python3.11/site-packages/pandas/core/frame.py", line 3813, in __getitem__
    indexer = self.columns._get_indexer_strict(key, "columns")[1]
              ^^^^^^^^^^^^^^^^^^^^^^^^^^^^^^^^^^^^^^^^^^^^^^^^
  File "/Users/felixlaw/anaconda3/lib/python3.11/site-packages/pandas/core/indexes/base.py", line 6070, in _get_indexer_strict
    self._raise_if_missing(keyarr, indexer, axis_name)
  File "/Users/felixlaw/anaconda3/lib/python3.11/site-packages/pandas/core/indexes/base.py", line 6133, in _raise_if_missing
    raise KeyError(f"{not_found} not in index")
KeyError: "['workclass', 'education', 'marital-status', 'occupation', 'relationship', 'race'] not in index"

  warnings.warn(

2024-04-02 19:37:10,905:WARNING:/Users/felixlaw/anaconda3/lib/python3.11/site-packages/sklearn/linear_model/_logistic.py:469: ConvergenceWarning: lbfgs failed to converge (status=1):
STOP: TOTAL NO. of ITERATIONS REACHED LIMIT.

Increase the number of iterations (max_iter) or scale the data as shown in:
    https://scikit-learn.org/stable/modules/preprocessing.html
Please also refer to the documentation for alternative solver options:
    https://scikit-learn.org/stable/modules/linear_model.html#logistic-regression
  n_iter_i = _check_optimize_result(

2024-04-02 19:37:10,978:WARNING:/Users/felixlaw/anaconda3/lib/python3.11/site-packages/pycaret/internal/metrics.py:196: FitFailedWarning: Metric 'make_scorer(roc_auc_score, response_method='predict_proba', average=weighted, multi_class=ovr)' failed and error score 0.0 has been returned instead. If this is a custom metric, this usually means that the error is in the metric code. Full exception below:
Traceback (most recent call last):
  File "/Users/felixlaw/anaconda3/lib/python3.11/site-packages/pycaret/internal/metrics.py", line 188, in _score
    return super()._score(
           ^^^^^^^^^^^^^^^
  File "/Users/felixlaw/anaconda3/lib/python3.11/site-packages/sklearn/metrics/_scorer.py", line 345, in _score
    y_pred = method_caller(
             ^^^^^^^^^^^^^^
  File "/Users/felixlaw/anaconda3/lib/python3.11/site-packages/sklearn/metrics/_scorer.py", line 87, in _cached_call
    result, _ = _get_response_values(
                ^^^^^^^^^^^^^^^^^^^^^
  File "/Users/felixlaw/anaconda3/lib/python3.11/site-packages/sklearn/utils/_response.py", line 210, in _get_response_values
    y_pred = prediction_method(X)
             ^^^^^^^^^^^^^^^^^^^^
  File "/Users/felixlaw/anaconda3/lib/python3.11/site-packages/pycaret/internal/pipeline.py", line 341, in predict_proba
    Xt = transform.transform(Xt)
         ^^^^^^^^^^^^^^^^^^^^^^^
  File "/Users/felixlaw/anaconda3/lib/python3.11/site-packages/sklearn/utils/_set_output.py", line 295, in wrapped
    data_to_wrap = f(self, X, *args, **kwargs)
                   ^^^^^^^^^^^^^^^^^^^^^^^^^^^
  File "/Users/felixlaw/anaconda3/lib/python3.11/site-packages/pycaret/internal/preprocess/transformers.py", line 248, in transform
    args.append(X[self._include])
                ~^^^^^^^^^^^^^^^
  File "/Users/felixlaw/anaconda3/lib/python3.11/site-packages/pandas/core/frame.py", line 3813, in __getitem__
    indexer = self.columns._get_indexer_strict(key, "columns")[1]
              ^^^^^^^^^^^^^^^^^^^^^^^^^^^^^^^^^^^^^^^^^^^^^^^^
  File "/Users/felixlaw/anaconda3/lib/python3.11/site-packages/pandas/core/indexes/base.py", line 6070, in _get_indexer_strict
    self._raise_if_missing(keyarr, indexer, axis_name)
  File "/Users/felixlaw/anaconda3/lib/python3.11/site-packages/pandas/core/indexes/base.py", line 6133, in _raise_if_missing
    raise KeyError(f"{not_found} not in index")
KeyError: "['workclass', 'education', 'marital-status', 'occupation', 'relationship', 'race'] not in index"

  warnings.warn(

2024-04-02 19:37:14,174:WARNING:/Users/felixlaw/anaconda3/lib/python3.11/site-packages/sklearn/linear_model/_logistic.py:469: ConvergenceWarning: lbfgs failed to converge (status=1):
STOP: TOTAL NO. of ITERATIONS REACHED LIMIT.

Increase the number of iterations (max_iter) or scale the data as shown in:
    https://scikit-learn.org/stable/modules/preprocessing.html
Please also refer to the documentation for alternative solver options:
    https://scikit-learn.org/stable/modules/linear_model.html#logistic-regression
  n_iter_i = _check_optimize_result(

2024-04-02 19:37:14,233:WARNING:/Users/felixlaw/anaconda3/lib/python3.11/site-packages/pycaret/internal/metrics.py:196: FitFailedWarning: Metric 'make_scorer(roc_auc_score, response_method='predict_proba', average=weighted, multi_class=ovr)' failed and error score 0.0 has been returned instead. If this is a custom metric, this usually means that the error is in the metric code. Full exception below:
Traceback (most recent call last):
  File "/Users/felixlaw/anaconda3/lib/python3.11/site-packages/pycaret/internal/metrics.py", line 188, in _score
    return super()._score(
           ^^^^^^^^^^^^^^^
  File "/Users/felixlaw/anaconda3/lib/python3.11/site-packages/sklearn/metrics/_scorer.py", line 345, in _score
    y_pred = method_caller(
             ^^^^^^^^^^^^^^
  File "/Users/felixlaw/anaconda3/lib/python3.11/site-packages/sklearn/metrics/_scorer.py", line 87, in _cached_call
    result, _ = _get_response_values(
                ^^^^^^^^^^^^^^^^^^^^^
  File "/Users/felixlaw/anaconda3/lib/python3.11/site-packages/sklearn/utils/_response.py", line 210, in _get_response_values
    y_pred = prediction_method(X)
             ^^^^^^^^^^^^^^^^^^^^
  File "/Users/felixlaw/anaconda3/lib/python3.11/site-packages/pycaret/internal/pipeline.py", line 341, in predict_proba
    Xt = transform.transform(Xt)
         ^^^^^^^^^^^^^^^^^^^^^^^
  File "/Users/felixlaw/anaconda3/lib/python3.11/site-packages/sklearn/utils/_set_output.py", line 295, in wrapped
    data_to_wrap = f(self, X, *args, **kwargs)
                   ^^^^^^^^^^^^^^^^^^^^^^^^^^^
  File "/Users/felixlaw/anaconda3/lib/python3.11/site-packages/pycaret/internal/preprocess/transformers.py", line 248, in transform
    args.append(X[self._include])
                ~^^^^^^^^^^^^^^^
  File "/Users/felixlaw/anaconda3/lib/python3.11/site-packages/pandas/core/frame.py", line 3813, in __getitem__
    indexer = self.columns._get_indexer_strict(key, "columns")[1]
              ^^^^^^^^^^^^^^^^^^^^^^^^^^^^^^^^^^^^^^^^^^^^^^^^
  File "/Users/felixlaw/anaconda3/lib/python3.11/site-packages/pandas/core/indexes/base.py", line 6070, in _get_indexer_strict
    self._raise_if_missing(keyarr, indexer, axis_name)
  File "/Users/felixlaw/anaconda3/lib/python3.11/site-packages/pandas/core/indexes/base.py", line 6133, in _raise_if_missing
    raise KeyError(f"{not_found} not in index")
KeyError: "['workclass', 'education', 'marital-status', 'occupation', 'relationship', 'race'] not in index"

  warnings.warn(

2024-04-02 19:37:14,263:WARNING:/Users/felixlaw/anaconda3/lib/python3.11/site-packages/sklearn/linear_model/_logistic.py:469: ConvergenceWarning: lbfgs failed to converge (status=1):
STOP: TOTAL NO. of ITERATIONS REACHED LIMIT.

Increase the number of iterations (max_iter) or scale the data as shown in:
    https://scikit-learn.org/stable/modules/preprocessing.html
Please also refer to the documentation for alternative solver options:
    https://scikit-learn.org/stable/modules/linear_model.html#logistic-regression
  n_iter_i = _check_optimize_result(

2024-04-02 19:37:14,307:WARNING:/Users/felixlaw/anaconda3/lib/python3.11/site-packages/pycaret/internal/metrics.py:196: FitFailedWarning: Metric 'make_scorer(roc_auc_score, response_method='predict_proba', average=weighted, multi_class=ovr)' failed and error score 0.0 has been returned instead. If this is a custom metric, this usually means that the error is in the metric code. Full exception below:
Traceback (most recent call last):
  File "/Users/felixlaw/anaconda3/lib/python3.11/site-packages/pycaret/internal/metrics.py", line 188, in _score
    return super()._score(
           ^^^^^^^^^^^^^^^
  File "/Users/felixlaw/anaconda3/lib/python3.11/site-packages/sklearn/metrics/_scorer.py", line 345, in _score
    y_pred = method_caller(
             ^^^^^^^^^^^^^^
  File "/Users/felixlaw/anaconda3/lib/python3.11/site-packages/sklearn/metrics/_scorer.py", line 87, in _cached_call
    result, _ = _get_response_values(
                ^^^^^^^^^^^^^^^^^^^^^
  File "/Users/felixlaw/anaconda3/lib/python3.11/site-packages/sklearn/utils/_response.py", line 210, in _get_response_values
    y_pred = prediction_method(X)
             ^^^^^^^^^^^^^^^^^^^^
  File "/Users/felixlaw/anaconda3/lib/python3.11/site-packages/pycaret/internal/pipeline.py", line 341, in predict_proba
    Xt = transform.transform(Xt)
         ^^^^^^^^^^^^^^^^^^^^^^^
  File "/Users/felixlaw/anaconda3/lib/python3.11/site-packages/sklearn/utils/_set_output.py", line 295, in wrapped
    data_to_wrap = f(self, X, *args, **kwargs)
                   ^^^^^^^^^^^^^^^^^^^^^^^^^^^
  File "/Users/felixlaw/anaconda3/lib/python3.11/site-packages/pycaret/internal/preprocess/transformers.py", line 248, in transform
    args.append(X[self._include])
                ~^^^^^^^^^^^^^^^
  File "/Users/felixlaw/anaconda3/lib/python3.11/site-packages/pandas/core/frame.py", line 3813, in __getitem__
    indexer = self.columns._get_indexer_strict(key, "columns")[1]
              ^^^^^^^^^^^^^^^^^^^^^^^^^^^^^^^^^^^^^^^^^^^^^^^^
  File "/Users/felixlaw/anaconda3/lib/python3.11/site-packages/pandas/core/indexes/base.py", line 6070, in _get_indexer_strict
    self._raise_if_missing(keyarr, indexer, axis_name)
  File "/Users/felixlaw/anaconda3/lib/python3.11/site-packages/pandas/core/indexes/base.py", line 6133, in _raise_if_missing
    raise KeyError(f"{not_found} not in index")
KeyError: "['workclass', 'education', 'marital-status', 'occupation', 'relationship', 'race'] not in index"

  warnings.warn(

2024-04-02 19:37:14,318:INFO:Calculating mean and std
2024-04-02 19:37:14,321:INFO:Creating metrics dataframe
2024-04-02 19:37:14,330:INFO:Finalizing model
2024-04-02 19:37:19,222:WARNING:/Users/felixlaw/anaconda3/lib/python3.11/site-packages/sklearn/linear_model/_logistic.py:469: ConvergenceWarning: lbfgs failed to converge (status=1):
STOP: TOTAL NO. of ITERATIONS REACHED LIMIT.

Increase the number of iterations (max_iter) or scale the data as shown in:
    https://scikit-learn.org/stable/modules/preprocessing.html
Please also refer to the documentation for alternative solver options:
    https://scikit-learn.org/stable/modules/linear_model.html#logistic-regression
  n_iter_i = _check_optimize_result(

2024-04-02 19:37:19,232:INFO:Uploading results into container
2024-04-02 19:37:19,233:INFO:Uploading model into container now
2024-04-02 19:37:19,245:INFO:_master_model_container: 1
2024-04-02 19:37:19,246:INFO:_display_container: 2
2024-04-02 19:37:19,247:INFO:LogisticRegression(C=1.0, class_weight=None, dual=False, fit_intercept=True,
                   intercept_scaling=1, l1_ratio=None, max_iter=1000,
                   multi_class='auto', n_jobs=None, penalty='l2',
                   random_state=8263, solver='lbfgs', tol=0.0001, verbose=0,
                   warm_start=False)
2024-04-02 19:37:19,247:INFO:create_model() successfully completed......................................
2024-04-02 19:37:19,565:ERROR:
'fairlearn' is a soft dependency and not included in the pycaret installation. Please run: `pip install fairlearn` to install.
Alternately, you can install this by running `pip install pycaret[analysis]`
NoneType: None
